[0815/153605.129:ERROR:process_memory_win.cc(73)] ReadMemory at 0x7ff6ad800000 of 64 bytes failed: Only part of a ReadProcessMemory or WriteProcessMemory request was completed. (0x12B)
[0815/153605.143:WARNING:pe_image_reader.cc(340)] could not read dos header from C:\Program Files (x86)\Google\Chrome\Application\chrome.exe
[0815/153605.143:ERROR:process_memory_win.cc(73)] ReadMemory at 0x7ffe6b780000 of 64 bytes failed: Only part of a ReadProcessMemory or WriteProcessMemory request was completed. (0x12B)
[0815/153605.143:WARNING:pe_image_reader.cc(340)] could not read dos header from C:\Windows\SYSTEM32\ntdll.dll
[0815/153605.143:ERROR:process_memory_win.cc(73)] ReadMemory at 0x7ffe6a670000 of 64 bytes failed: Only part of a ReadProcessMemory or WriteProcessMemory request was completed. (0x12B)
[0815/153605.143:WARNING:pe_image_reader.cc(340)] could not read dos header from C:\Windows\System32\KERNEL32.DLL
[0815/153605.143:ERROR:process_memory_win.cc(73)] ReadMemory at 0x7ffe68950000 of 64 bytes failed: Only part of a ReadProcessMemory or WriteProcessMemory request was completed. (0x12B)
[0815/153605.143:WARNING:pe_image_reader.cc(340)] could not read dos header from C:\Windows\System32\KERNELBASE.dll
[0815/153605.143:ERROR:process_memory_win.cc(73)] ReadMemory at 0x7ffe488c0000 of 64 bytes failed: Only part of a ReadProcessMemory or WriteProcessMemory request was completed. (0x12B)
[0815/153605.143:WARNING:pe_image_reader.cc(340)] could not read dos header from C:\Program Files (x86)\Google\Chrome\Application\84.0.4147.125\chrome_elf.dll
[0815/153605.143:ERROR:process_memory_win.cc(73)] ReadMemory at 0x7ffe63ce0000 of 64 bytes failed: Only part of a ReadProcessMemory or WriteProcessMemory request was completed. (0x12B)
[0815/153605.143:WARNING:pe_image_reader.cc(340)] could not read dos header from C:\Windows\SYSTEM32\VERSION.dll
[0815/153605.143:ERROR:process_memory_win.cc(73)] ReadMemory at 0x7ffe6a9b0000 of 64 bytes failed: Only part of a ReadProcessMemory or WriteProcessMemory request was completed. (0x12B)
[0815/153605.143:WARNING:pe_image_reader.cc(340)] could not read dos header from C:\Windows\System32\msvcrt.dll
[0815/153605.143:ERROR:process_memory_win.cc(73)] ReadMemory at 0x7ffe68c00000 of 64 bytes failed: Only part of a ReadProcessMemory or WriteProcessMemory request was completed. (0x12B)
[0815/153605.143:WARNING:pe_image_reader.cc(340)] could not read dos header from C:\Windows\System32\bcryptPrimitives.dll
[0815/153605.143:ERROR:process_memory_win.cc(73)] ReadMemory at 0x7ffe6ab20000 of 64 bytes failed: Only part of a ReadProcessMemory or WriteProcessMemory request was completed. (0x12B)
[0815/153605.143:WARNING:pe_image_reader.cc(340)] could not read dos header from C:\Windows\System32\ADVAPI32.dll
[0815/153605.143:ERROR:process_memory_win.cc(73)] ReadMemory at 0x7ffe69830000 of 64 bytes failed: Only part of a ReadProcessMemory or WriteProcessMemory request was completed. (0x12B)
[0815/153605.143:WARNING:pe_image_reader.cc(340)] could not read dos header from C:\Windows\System32\sechost.dll
[0815/153605.143:ERROR:process_memory_win.cc(73)] ReadMemory at 0x7ffe6b1a0000 of 64 bytes failed: Only part of a ReadProcessMemory or WriteProcessMemory request was completed. (0x12B)
[0815/153605.143:WARNING:pe_image_reader.cc(340)] could not read dos header from C:\Windows\System32\RPCRT4.dll
[0815/153605.143:ERROR:process_memory_win.cc(73)] ReadMemory at 0x7ffe00cd0000 of 64 bytes failed: Only part of a ReadProcessMemory or WriteProcessMemory request was completed. (0x12B)
[0815/153605.143:WARNING:pe_image_reader.cc(340)] could not read dos header from C:\Program Files (x86)\Google\Chrome\Application\84.0.4147.125\chrome.dll
[0815/153605.143:ERROR:process_memory_win.cc(73)] ReadMemory at 0x7ffe6abd0000 of 64 bytes failed: Only part of a ReadProcessMemory or WriteProcessMemory request was completed. (0x12B)
[0815/153605.143:WARNING:pe_image_reader.cc(340)] could not read dos header from C:\Windows\System32\WS2_32.dll
[0815/153605.143:ERROR:process_memory_win.cc(73)] ReadMemory at 0x7ffe6a5a0000 of 64 bytes failed: Only part of a ReadProcessMemory or WriteProcessMemory request was completed. (0x12B)
[0815/153605.143:WARNING:pe_image_reader.cc(340)] could not read dos header from C:\Windows\System32\OLEAUT32.dll
[0815/153605.143:ERROR:process_memory_win.cc(73)] ReadMemory at 0x7ffe69790000 of 64 bytes failed: Only part of a ReadProcessMemory or WriteProcessMemory request was completed. (0x12B)
[0815/153605.144:WARNING:pe_image_reader.cc(340)] could not read dos header from C:\Windows\System32\msvcp_win.dll
[0815/153605.144:ERROR:process_memory_win.cc(73)] ReadMemory at 0x7ffe68700000 of 64 bytes failed: Only part of a ReadProcessMemory or WriteProcessMemory request was completed. (0x12B)
[0815/153605.144:WARNING:pe_image_reader.cc(340)] could not read dos header from C:\Windows\System32\ucrtbase.dll
[0815/153605.144:ERROR:process_memory_win.cc(73)] ReadMemory at 0x7ffe698d0000 of 64 bytes failed: Only part of a ReadProcessMemory or WriteProcessMemory request was completed. (0x12B)
[0815/153605.144:WARNING:pe_image_reader.cc(340)] could not read dos header from C:\Windows\System32\combase.dll
[0815/153605.144:ERROR:process_memory_win.cc(73)] ReadMemory at 0x7ffe68ef0000 of 64 bytes failed: Only part of a ReadProcessMemory or WriteProcessMemory request was completed. (0x12B)
[0815/153605.144:WARNING:pe_image_reader.cc(340)] could not read dos header from C:\Windows\System32\WINTRUST.dll
[0815/153605.144:ERROR:process_memory_win.cc(73)] ReadMemory at 0x7ffe686e0000 of 64 bytes failed: Only part of a ReadProcessMemory or WriteProcessMemory request was completed. (0x12B)
[0815/153605.144:WARNING:pe_image_reader.cc(340)] could not read dos header from C:\Windows\System32\MSASN1.dll
[0815/153605.144:ERROR:process_memory_win.cc(73)] ReadMemory at 0x7ffe68800000 of 64 bytes failed: Only part of a ReadProcessMemory or WriteProcessMemory request was completed. (0x12B)
[0815/153605.144:WARNING:pe_image_reader.cc(340)] could not read dos header from C:\Windows\System32\CRYPT32.dll
[0815/153605.144:ERROR:process_memory_win.cc(73)] ReadMemory at 0x7ffe67b40000 of 64 bytes failed: Only part of a ReadProcessMemory or WriteProcessMemory request was completed. (0x12B)
[0815/153605.144:WARNING:pe_image_reader.cc(340)] could not read dos header from C:\Windows\SYSTEM32\IPHLPAPI.DLL
[0815/153605.144:ERROR:process_memory_win.cc(73)] ReadMemory at 0x7ffe602d0000 of 64 bytes failed: Only part of a ReadProcessMemory or WriteProcessMemory request was completed. (0x12B)
[0815/153605.144:WARNING:pe_image_reader.cc(340)] could not read dos header from C:\Windows\SYSTEM32\WINMM.dll
[0815/153605.144:ERROR:process_memory_win.cc(73)] ReadMemory at 0x7ffe62300000 of 64 bytes failed: Only part of a ReadProcessMemory or WriteProcessMemory request was completed. (0x12B)
[0815/153605.144:WARNING:pe_image_reader.cc(340)] could not read dos header from C:\Windows\SYSTEM32\Secur32.dll
[0815/153605.144:ERROR:process_memory_win.cc(73)] ReadMemory at 0x7ffe68520000 of 64 bytes failed: Only part of a ReadProcessMemory or WriteProcessMemory request was completed. (0x12B)
[0815/153605.144:WARNING:pe_image_reader.cc(340)] could not read dos header from C:\Windows\SYSTEM32\USERENV.dll
[0815/153605.144:ERROR:process_memory_win.cc(73)] ReadMemory at 0x7ffe68640000 of 64 bytes failed: Only part of a ReadProcessMemory or WriteProcessMemory request was completed. (0x12B)
[0815/153605.144:WARNING:pe_image_reader.cc(340)] could not read dos header from C:\Windows\System32\profapi.dll
[0815/153605.144:ERROR:process_memory_win.cc(73)] ReadMemory at 0x7ffe32690000 of 64 bytes failed: Only part of a ReadProcessMemory or WriteProcessMemory request was completed. (0x12B)
[0815/153605.144:WARNING:pe_image_reader.cc(340)] could not read dos header from C:\Windows\SYSTEM32\UIAutomationCore.DLL
[0815/153605.144:ERROR:process_memory_win.cc(73)] ReadMemory at 0x7ffe40580000 of 64 bytes failed: Only part of a ReadProcessMemory or WriteProcessMemory request was completed. (0x12B)
[0815/153605.144:WARNING:pe_image_reader.cc(340)] could not read dos header from C:\Windows\SYSTEM32\DWrite.dll
[0815/153605.144:ERROR:process_memory_win.cc(73)] ReadMemory at 0x7ffe5c730000 of 64 bytes failed: Only part of a ReadProcessMemory or WriteProcessMemory request was completed. (0x12B)
[0815/153605.144:WARNING:pe_image_reader.cc(340)] could not read dos header from C:\Windows\SYSTEM32\WINSPOOL.DRV
[0815/153605.144:ERROR:process_memory_win.cc(73)] ReadMemory at 0x7ffe68670000 of 64 bytes failed: Only part of a ReadProcessMemory or WriteProcessMemory request was completed. (0x12B)
[0815/153605.144:WARNING:pe_image_reader.cc(340)] could not read dos header from C:\Windows\System32\kernel.appcore.dll
[0815/153605.144:ERROR:process_memory_win.cc(73)] ReadMemory at 0x7ffe68f50000 of 64 bytes failed: Only part of a ReadProcessMemory or WriteProcessMemory request was completed. (0x12B)
[0815/153605.144:WARNING:pe_image_reader.cc(340)] could not read dos header from C:\Windows\System32\bcrypt.dll
[0815/153605.144:ERROR:process_memory_win.cc(73)] ReadMemory at 0x7ffe62100000 of 64 bytes failed: Only part of a ReadProcessMemory or WriteProcessMemory request was completed. (0x12B)
[0815/153605.144:WARNING:pe_image_reader.cc(340)] could not read dos header from C:\Windows\SYSTEM32\dbghelp.dll
[0815/153605.144:ERROR:process_memory_win.cc(73)] ReadMemory at 0x7ffe61e00000 of 64 bytes failed: Only part of a ReadProcessMemory or WriteProcessMemory request was completed. (0x12B)
[0815/153605.144:WARNING:pe_image_reader.cc(340)] could not read dos header from C:\Windows\SYSTEM32\WINHTTP.dll
[0815/153605.144:ERROR:process_memory_win.cc(73)] ReadMemory at 0x7ffe63640000 of 64 bytes failed: Only part of a ReadProcessMemory or WriteProcessMemory request was completed. (0x12B)
[0815/153605.144:WARNING:pe_image_reader.cc(340)] could not read dos header from C:\Windows\SYSTEM32\dhcpcsvc.DLL
[0815/153605.144:ERROR:process_memory_win.cc(73)] ReadMemory at 0x7ffe6a800000 of 64 bytes failed: Only part of a ReadProcessMemory or WriteProcessMemory request was completed. (0x12B)
[0815/153605.144:WARNING:pe_image_reader.cc(340)] could not read dos header from C:\Windows\System32\NSI.dll
[0815/153605.144:ERROR:process_memory_win.cc(73)] ReadMemory at 0x7ffe60080000 of 64 bytes failed: Only part of a ReadProcessMemory or WriteProcessMemory request was completed. (0x12B)
[0815/153605.144:WARNING:pe_image_reader.cc(340)] could not read dos header from C:\Windows\SYSTEM32\WINMMBASE.dll
[0815/153605.144:ERROR:process_memory_win.cc(73)] ReadMemory at 0x7ffe69710000 of 64 bytes failed: Only part of a ReadProcessMemory or WriteProcessMemory request was completed. (0x12B)
[0815/153605.144:WARNING:pe_image_reader.cc(340)] could not read dos header from C:\Windows\System32\cfgmgr32.dll
[0815/153605.144:ERROR:process_memory_win.cc(73)] ReadMemory at 0x7ffe64cf0000 of 64 bytes failed: Only part of a ReadProcessMemory or WriteProcessMemory request was completed. (0x12B)
[0815/153605.144:WARNING:pe_image_reader.cc(340)] could not read dos header from C:\Windows\SYSTEM32\PROPSYS.dll
[0815/153605.144:ERROR:process_memory_win.cc(73)] ReadMemory at 0x7ffe6b2c0000 of 64 bytes failed: Only part of a ReadProcessMemory or WriteProcessMemory request was completed. (0x12B)
[0815/153605.144:WARNING:pe_image_reader.cc(340)] could not read dos header from C:\Windows\System32\shcore.dll
[0815/153605.144:ERROR:process_memory_win.cc(73)] ReadMemory at 0x7ffe68550000 of 64 bytes failed: Only part of a ReadProcessMemory or WriteProcessMemory request was completed. (0x12B)
[0815/153605.144:WARNING:pe_image_reader.cc(340)] could not read dos header from C:\Windows\SYSTEM32\SSPICLI.DLL
[0815/153605.144:ERROR:process_memory_win.cc(73)] ReadMemory at 0x7ffe68060000 of 64 bytes failed: Only part of a ReadProcessMemory or WriteProcessMemory request was completed. (0x12B)
[0815/153605.144:WARNING:pe_image_reader.cc(340)] could not read dos header from C:\Windows\SYSTEM32\CRYPTBASE.DLL
[0815/153605.150:ERROR:process_memory_win.cc(73)] ReadMemory at 0x7ff6ad800000 of 64 bytes failed: Only part of a ReadProcessMemory or WriteProcessMemory request was completed. (0x12B)
[0815/153605.150:WARNING:pe_image_reader.cc(340)] could not read dos header from C:\Program Files (x86)\Google\Chrome\Application\chrome.exe
[0815/153605.150:ERROR:process_memory_win.cc(73)] ReadMemory at 0x7ffe6b780000 of 64 bytes failed: Only part of a ReadProcessMemory or WriteProcessMemory request was completed. (0x12B)
[0815/153605.150:WARNING:pe_image_reader.cc(340)] could not read dos header from C:\Windows\SYSTEM32\ntdll.dll
[0815/153605.150:ERROR:process_memory_win.cc(73)] ReadMemory at 0x7ffe6a670000 of 64 bytes failed: Only part of a ReadProcessMemory or WriteProcessMemory request was completed. (0x12B)
[0815/153605.150:WARNING:pe_image_reader.cc(340)] could not read dos header from C:\Windows\System32\KERNEL32.DLL
[0815/153605.150:ERROR:process_memory_win.cc(73)] ReadMemory at 0x7ffe68950000 of 64 bytes failed: Only part of a ReadProcessMemory or WriteProcessMemory request was completed. (0x12B)
[0815/153605.150:WARNING:pe_image_reader.cc(340)] could not read dos header from C:\Windows\System32\KERNELBASE.dll
[0815/153605.150:ERROR:process_memory_win.cc(73)] ReadMemory at 0x7ffe488c0000 of 64 bytes failed: Only part of a ReadProcessMemory or WriteProcessMemory request was completed. (0x12B)
[0815/153605.150:WARNING:pe_image_reader.cc(340)] could not read dos header from C:\Program Files (x86)\Google\Chrome\Application\84.0.4147.125\chrome_elf.dll
[0815/153605.150:ERROR:process_memory_win.cc(73)] ReadMemory at 0x7ffe63ce0000 of 64 bytes failed: Only part of a ReadProcessMemory or WriteProcessMemory request was completed. (0x12B)
[0815/153605.150:WARNING:pe_image_reader.cc(340)] could not read dos header from C:\Windows\SYSTEM32\VERSION.dll
[0815/153605.150:ERROR:process_memory_win.cc(73)] ReadMemory at 0x7ffe6a9b0000 of 64 bytes failed: Only part of a ReadProcessMemory or WriteProcessMemory request was completed. (0x12B)
[0815/153605.150:WARNING:pe_image_reader.cc(340)] could not read dos header from C:\Windows\System32\msvcrt.dll
[0815/153605.150:ERROR:process_memory_win.cc(73)] ReadMemory at 0x7ffe68c00000 of 64 bytes failed: Only part of a ReadProcessMemory or WriteProcessMemory request was completed. (0x12B)
[0815/153605.150:WARNING:pe_image_reader.cc(340)] could not read dos header from C:\Windows\System32\bcryptPrimitives.dll
[0815/153605.150:ERROR:process_memory_win.cc(73)] ReadMemory at 0x7ffe6ab20000 of 64 bytes failed: Only part of a ReadProcessMemory or WriteProcessMemory request was completed. (0x12B)
[0815/153605.150:WARNING:pe_image_reader.cc(340)] could not read dos header from C:\Windows\System32\ADVAPI32.dll
[0815/153605.150:ERROR:process_memory_win.cc(73)] ReadMemory at 0x7ffe69830000 of 64 bytes failed: Only part of a ReadProcessMemory or WriteProcessMemory request was completed. (0x12B)
[0815/153605.150:WARNING:pe_image_reader.cc(340)] could not read dos header from C:\Windows\System32\sechost.dll
[0815/153605.150:ERROR:process_memory_win.cc(73)] ReadMemory at 0x7ffe6b1a0000 of 64 bytes failed: Only part of a ReadProcessMemory or WriteProcessMemory request was completed. (0x12B)
[0815/153605.150:WARNING:pe_image_reader.cc(340)] could not read dos header from C:\Windows\System32\RPCRT4.dll
[0815/153605.150:ERROR:process_memory_win.cc(73)] ReadMemory at 0x7ffe00cd0000 of 64 bytes failed: Only part of a ReadProcessMemory or WriteProcessMemory request was completed. (0x12B)
[0815/153605.150:WARNING:pe_image_reader.cc(340)] could not read dos header from C:\Program Files (x86)\Google\Chrome\Application\84.0.4147.125\chrome.dll
[0815/153605.150:ERROR:process_memory_win.cc(73)] ReadMemory at 0x7ffe6abd0000 of 64 bytes failed: Only part of a ReadProcessMemory or WriteProcessMemory request was completed. (0x12B)
[0815/153605.150:WARNING:pe_image_reader.cc(340)] could not read dos header from C:\Windows\System32\WS2_32.dll
[0815/153605.150:ERROR:process_memory_win.cc(73)] ReadMemory at 0x7ffe6a5a0000 of 64 bytes failed: Only part of a ReadProcessMemory or WriteProcessMemory request was completed. (0x12B)
[0815/153605.150:WARNING:pe_image_reader.cc(340)] could not read dos header from C:\Windows\System32\OLEAUT32.dll
[0815/153605.150:ERROR:process_memory_win.cc(73)] ReadMemory at 0x7ffe69790000 of 64 bytes failed: Only part of a ReadProcessMemory or WriteProcessMemory request was completed. (0x12B)
[0815/153605.150:WARNING:pe_image_reader.cc(340)] could not read dos header from C:\Windows\System32\msvcp_win.dll
[0815/153605.150:ERROR:process_memory_win.cc(73)] ReadMemory at 0x7ffe68700000 of 64 bytes failed: Only part of a ReadProcessMemory or WriteProcessMemory request was completed. (0x12B)
[0815/153605.150:WARNING:pe_image_reader.cc(340)] could not read dos header from C:\Windows\System32\ucrtbase.dll
[0815/153605.150:ERROR:process_memory_win.cc(73)] ReadMemory at 0x7ffe698d0000 of 64 bytes failed: Only part of a ReadProcessMemory or WriteProcessMemory request was completed. (0x12B)
[0815/153605.150:WARNING:pe_image_reader.cc(340)] could not read dos header from C:\Windows\System32\combase.dll
[0815/153605.150:ERROR:process_memory_win.cc(73)] ReadMemory at 0x7ffe68ef0000 of 64 bytes failed: Only part of a ReadProcessMemory or WriteProcessMemory request was completed. (0x12B)
[0815/153605.150:WARNING:pe_image_reader.cc(340)] could not read dos header from C:\Windows\System32\WINTRUST.dll
[0815/153605.150:ERROR:process_memory_win.cc(73)] ReadMemory at 0x7ffe686e0000 of 64 bytes failed: Only part of a ReadProcessMemory or WriteProcessMemory request was completed. (0x12B)
[0815/153605.150:WARNING:pe_image_reader.cc(340)] could not read dos header from C:\Windows\System32\MSASN1.dll
[0815/153605.150:ERROR:process_memory_win.cc(73)] ReadMemory at 0x7ffe68800000 of 64 bytes failed: Only part of a ReadProcessMemory or WriteProcessMemory request was completed. (0x12B)
[0815/153605.150:WARNING:pe_image_reader.cc(340)] could not read dos header from C:\Windows\System32\CRYPT32.dll
[0815/153605.150:ERROR:process_memory_win.cc(73)] ReadMemory at 0x7ffe67b40000 of 64 bytes failed: Only part of a ReadProcessMemory or WriteProcessMemory request was completed. (0x12B)
[0815/153605.150:WARNING:pe_image_reader.cc(340)] could not read dos header from C:\Windows\SYSTEM32\IPHLPAPI.DLL
[0815/153605.150:ERROR:process_memory_win.cc(73)] ReadMemory at 0x7ffe602d0000 of 64 bytes failed: Only part of a ReadProcessMemory or WriteProcessMemory request was completed. (0x12B)
[0815/153605.150:WARNING:pe_image_reader.cc(340)] could not read dos header from C:\Windows\SYSTEM32\WINMM.dll
[0815/153605.150:ERROR:process_memory_win.cc(73)] ReadMemory at 0x7ffe62300000 of 64 bytes failed: Only part of a ReadProcessMemory or WriteProcessMemory request was completed. (0x12B)
[0815/153605.150:WARNING:pe_image_reader.cc(340)] could not read dos header from C:\Windows\SYSTEM32\Secur32.dll
[0815/153605.150:ERROR:process_memory_win.cc(73)] ReadMemory at 0x7ffe68520000 of 64 bytes failed: Only part of a ReadProcessMemory or WriteProcessMemory request was completed. (0x12B)
[0815/153605.150:WARNING:pe_image_reader.cc(340)] could not read dos header from C:\Windows\SYSTEM32\USERENV.dll
[0815/153605.150:ERROR:process_memory_win.cc(73)] ReadMemory at 0x7ffe68640000 of 64 bytes failed: Only part of a ReadProcessMemory or WriteProcessMemory request was completed. (0x12B)
[0815/153605.150:WARNING:pe_image_reader.cc(340)] could not read dos header from C:\Windows\System32\profapi.dll
[0815/153605.151:ERROR:process_memory_win.cc(73)] ReadMemory at 0x7ffe32690000 of 64 bytes failed: Only part of a ReadProcessMemory or WriteProcessMemory request was completed. (0x12B)
[0815/153605.151:WARNING:pe_image_reader.cc(340)] could not read dos header from C:\Windows\SYSTEM32\UIAutomationCore.DLL
[0815/153605.151:ERROR:process_memory_win.cc(73)] ReadMemory at 0x7ffe40580000 of 64 bytes failed: Only part of a ReadProcessMemory or WriteProcessMemory request was completed. (0x12B)
[0815/153605.151:WARNING:pe_image_reader.cc(340)] could not read dos header from C:\Windows\SYSTEM32\DWrite.dll
[0815/153605.151:ERROR:process_memory_win.cc(73)] ReadMemory at 0x7ffe5c730000 of 64 bytes failed: Only part of a ReadProcessMemory or WriteProcessMemory request was completed. (0x12B)
[0815/153605.151:WARNING:pe_image_reader.cc(340)] could not read dos header from C:\Windows\SYSTEM32\WINSPOOL.DRV
[0815/153605.151:ERROR:process_memory_win.cc(73)] ReadMemory at 0x7ffe68670000 of 64 bytes failed: Only part of a ReadProcessMemory or WriteProcessMemory request was completed. (0x12B)
[0815/153605.151:WARNING:pe_image_reader.cc(340)] could not read dos header from C:\Windows\System32\kernel.appcore.dll
[0815/153605.151:ERROR:process_memory_win.cc(73)] ReadMemory at 0x7ffe68f50000 of 64 bytes failed: Only part of a ReadProcessMemory or WriteProcessMemory request was completed. (0x12B)
[0815/153605.151:WARNING:pe_image_reader.cc(340)] could not read dos header from C:\Windows\System32\bcrypt.dll
[0815/153605.151:ERROR:process_memory_win.cc(73)] ReadMemory at 0x7ffe62100000 of 64 bytes failed: Only part of a ReadProcessMemory or WriteProcessMemory request was completed. (0x12B)
[0815/153605.151:WARNING:pe_image_reader.cc(340)] could not read dos header from C:\Windows\SYSTEM32\dbghelp.dll
[0815/153605.151:ERROR:process_memory_win.cc(73)] ReadMemory at 0x7ffe61e00000 of 64 bytes failed: Only part of a ReadProcessMemory or WriteProcessMemory request was completed. (0x12B)
[0815/153605.151:WARNING:pe_image_reader.cc(340)] could not read dos header from C:\Windows\SYSTEM32\WINHTTP.dll
[0815/153605.151:ERROR:process_memory_win.cc(73)] ReadMemory at 0x7ffe63640000 of 64 bytes failed: Only part of a ReadProcessMemory or WriteProcessMemory request was completed. (0x12B)
[0815/153605.151:WARNING:pe_image_reader.cc(340)] could not read dos header from C:\Windows\SYSTEM32\dhcpcsvc.DLL
[0815/153605.151:ERROR:process_memory_win.cc(73)] ReadMemory at 0x7ffe6a800000 of 64 bytes failed: Only part of a ReadProcessMemory or WriteProcessMemory request was completed. (0x12B)
[0815/153605.151:WARNING:pe_image_reader.cc(340)] could not read dos header from C:\Windows\System32\NSI.dll
[0815/153605.151:ERROR:process_memory_win.cc(73)] ReadMemory at 0x7ffe60080000 of 64 bytes failed: Only part of a ReadProcessMemory or WriteProcessMemory request was completed. (0x12B)
[0815/153605.151:WARNING:pe_image_reader.cc(340)] could not read dos header from C:\Windows\SYSTEM32\WINMMBASE.dll
[0815/153605.151:ERROR:process_memory_win.cc(73)] ReadMemory at 0x7ffe69710000 of 64 bytes failed: Only part of a ReadProcessMemory or WriteProcessMemory request was completed. (0x12B)
[0815/153605.151:WARNING:pe_image_reader.cc(340)] could not read dos header from C:\Windows\System32\cfgmgr32.dll
[0815/153605.151:ERROR:process_memory_win.cc(73)] ReadMemory at 0x7ffe64cf0000 of 64 bytes failed: Only part of a ReadProcessMemory or WriteProcessMemory request was completed. (0x12B)
[0815/153605.151:WARNING:pe_image_reader.cc(340)] could not read dos header from C:\Windows\SYSTEM32\PROPSYS.dll
[0815/153605.151:ERROR:process_memory_win.cc(73)] ReadMemory at 0x7ffe6b2c0000 of 64 bytes failed: Only part of a ReadProcessMemory or WriteProcessMemory request was completed. (0x12B)
[0815/153605.151:WARNING:pe_image_reader.cc(340)] could not read dos header from C:\Windows\System32\shcore.dll
[0815/153605.151:ERROR:process_memory_win.cc(73)] ReadMemory at 0x7ffe68550000 of 64 bytes failed: Only part of a ReadProcessMemory or WriteProcessMemory request was completed. (0x12B)
[0815/153605.151:WARNING:pe_image_reader.cc(340)] could not read dos header from C:\Windows\SYSTEM32\SSPICLI.DLL
[0815/153605.151:ERROR:process_memory_win.cc(73)] ReadMemory at 0x7ffe68060000 of 64 bytes failed: Only part of a ReadProcessMemory or WriteProcessMemory request was completed. (0x12B)
[0815/153605.151:WARNING:pe_image_reader.cc(340)] could not read dos header from C:\Windows\SYSTEM32\CRYPTBASE.DLL
[0815/153605.151:ERROR:process_memory_win.cc(73)] ReadMemory at 0x7ff6ad800000 of 64 bytes failed: Only part of a ReadProcessMemory or WriteProcessMemory request was completed. (0x12B)
[0815/153605.151:WARNING:pe_image_reader.cc(340)] could not read dos header from C:\Program Files (x86)\Google\Chrome\Application\chrome.exe
[0815/153605.151:ERROR:process_memory_win.cc(73)] ReadMemory at 0x7ffe6b780000 of 64 bytes failed: Only part of a ReadProcessMemory or WriteProcessMemory request was completed. (0x12B)
[0815/153605.151:WARNING:pe_image_reader.cc(340)] could not read dos header from C:\Windows\SYSTEM32\ntdll.dll
[0815/153605.151:ERROR:process_memory_win.cc(73)] ReadMemory at 0x7ffe6a670000 of 64 bytes failed: Only part of a ReadProcessMemory or WriteProcessMemory request was completed. (0x12B)
[0815/153605.151:WARNING:pe_image_reader.cc(340)] could not read dos header from C:\Windows\System32\KERNEL32.DLL
[0815/153605.151:ERROR:process_memory_win.cc(73)] ReadMemory at 0x7ffe68950000 of 64 bytes failed: Only part of a ReadProcessMemory or WriteProcessMemory request was completed. (0x12B)
[0815/153605.151:WARNING:pe_image_reader.cc(340)] could not read dos header from C:\Windows\System32\KERNELBASE.dll
[0815/153605.151:ERROR:process_memory_win.cc(73)] ReadMemory at 0x7ffe488c0000 of 64 bytes failed: Only part of a ReadProcessMemory or WriteProcessMemory request was completed. (0x12B)
[0815/153605.151:WARNING:pe_image_reader.cc(340)] could not read dos header from C:\Program Files (x86)\Google\Chrome\Application\84.0.4147.125\chrome_elf.dll
[0815/153605.151:ERROR:process_memory_win.cc(73)] ReadMemory at 0x7ffe63ce0000 of 64 bytes failed: Only part of a ReadProcessMemory or WriteProcessMemory request was completed. (0x12B)
[0815/153605.151:WARNING:pe_image_reader.cc(340)] could not read dos header from C:\Windows\SYSTEM32\VERSION.dll
[0815/153605.151:ERROR:process_memory_win.cc(73)] ReadMemory at 0x7ffe6a9b0000 of 64 bytes failed: Only part of a ReadProcessMemory or WriteProcessMemory request was completed. (0x12B)
[0815/153605.151:WARNING:pe_image_reader.cc(340)] could not read dos header from C:\Windows\System32\msvcrt.dll
[0815/153605.151:ERROR:process_memory_win.cc(73)] ReadMemory at 0x7ffe68c00000 of 64 bytes failed: Only part of a ReadProcessMemory or WriteProcessMemory request was completed. (0x12B)
[0815/153605.151:WARNING:pe_image_reader.cc(340)] could not read dos header from C:\Windows\System32\bcryptPrimitives.dll
[0815/153605.151:ERROR:process_memory_win.cc(73)] ReadMemory at 0x7ffe6ab20000 of 64 bytes failed: Only part of a ReadProcessMemory or WriteProcessMemory request was completed. (0x12B)
[0815/153605.151:WARNING:pe_image_reader.cc(340)] could not read dos header from C:\Windows\System32\ADVAPI32.dll
[0815/153605.151:ERROR:process_memory_win.cc(73)] ReadMemory at 0x7ffe69830000 of 64 bytes failed: Only part of a ReadProcessMemory or WriteProcessMemory request was completed. (0x12B)
[0815/153605.151:WARNING:pe_image_reader.cc(340)] could not read dos header from C:\Windows\System32\sechost.dll
[0815/153605.151:ERROR:process_memory_win.cc(73)] ReadMemory at 0x7ffe6b1a0000 of 64 bytes failed: Only part of a ReadProcessMemory or WriteProcessMemory request was completed. (0x12B)
[0815/153605.151:WARNING:pe_image_reader.cc(340)] could not read dos header from C:\Windows\System32\RPCRT4.dll
[0815/153605.151:ERROR:process_memory_win.cc(73)] ReadMemory at 0x7ffe00cd0000 of 64 bytes failed: Only part of a ReadProcessMemory or WriteProcessMemory request was completed. (0x12B)
[0815/153605.151:WARNING:pe_image_reader.cc(340)] could not read dos header from C:\Program Files (x86)\Google\Chrome\Application\84.0.4147.125\chrome.dll
[0815/153605.152:ERROR:process_memory_win.cc(73)] ReadMemory at 0x7ffe6abd0000 of 64 bytes failed: Only part of a ReadProcessMemory or WriteProcessMemory request was completed. (0x12B)
[0815/153605.152:WARNING:pe_image_reader.cc(340)] could not read dos header from C:\Windows\System32\WS2_32.dll
[0815/153605.152:ERROR:process_memory_win.cc(73)] ReadMemory at 0x7ffe6a5a0000 of 64 bytes failed: Only part of a ReadProcessMemory or WriteProcessMemory request was completed. (0x12B)
[0815/153605.152:WARNING:pe_image_reader.cc(340)] could not read dos header from C:\Windows\System32\OLEAUT32.dll
[0815/153605.152:ERROR:process_memory_win.cc(73)] ReadMemory at 0x7ffe69790000 of 64 bytes failed: Only part of a ReadProcessMemory or WriteProcessMemory request was completed. (0x12B)
[0815/153605.152:WARNING:pe_image_reader.cc(340)] could not read dos header from C:\Windows\System32\msvcp_win.dll
[0815/153605.152:ERROR:process_memory_win.cc(73)] ReadMemory at 0x7ffe68700000 of 64 bytes failed: Only part of a ReadProcessMemory or WriteProcessMemory request was completed. (0x12B)
[0815/153605.152:WARNING:pe_image_reader.cc(340)] could not read dos header from C:\Windows\System32\ucrtbase.dll
[0815/153605.152:ERROR:process_memory_win.cc(73)] ReadMemory at 0x7ffe698d0000 of 64 bytes failed: Only part of a ReadProcessMemory or WriteProcessMemory request was completed. (0x12B)
[0815/153605.152:WARNING:pe_image_reader.cc(340)] could not read dos header from C:\Windows\System32\combase.dll
[0815/153605.152:ERROR:process_memory_win.cc(73)] ReadMemory at 0x7ffe68ef0000 of 64 bytes failed: Only part of a ReadProcessMemory or WriteProcessMemory request was completed. (0x12B)
[0815/153605.152:WARNING:pe_image_reader.cc(340)] could not read dos header from C:\Windows\System32\WINTRUST.dll
[0815/153605.152:ERROR:process_memory_win.cc(73)] ReadMemory at 0x7ffe686e0000 of 64 bytes failed: Only part of a ReadProcessMemory or WriteProcessMemory request was completed. (0x12B)
[0815/153605.152:WARNING:pe_image_reader.cc(340)] could not read dos header from C:\Windows\System32\MSASN1.dll
[0815/153605.152:ERROR:process_memory_win.cc(73)] ReadMemory at 0x7ffe68800000 of 64 bytes failed: Only part of a ReadProcessMemory or WriteProcessMemory request was completed. (0x12B)
[0815/153605.152:WARNING:pe_image_reader.cc(340)] could not read dos header from C:\Windows\System32\CRYPT32.dll
[0815/153605.152:ERROR:process_memory_win.cc(73)] ReadMemory at 0x7ffe67b40000 of 64 bytes failed: Only part of a ReadProcessMemory or WriteProcessMemory request was completed. (0x12B)
[0815/153605.152:WARNING:pe_image_reader.cc(340)] could not read dos header from C:\Windows\SYSTEM32\IPHLPAPI.DLL
[0815/153605.152:ERROR:process_memory_win.cc(73)] ReadMemory at 0x7ffe602d0000 of 64 bytes failed: Only part of a ReadProcessMemory or WriteProcessMemory request was completed. (0x12B)
[0815/153605.152:WARNING:pe_image_reader.cc(340)] could not read dos header from C:\Windows\SYSTEM32\WINMM.dll
[0815/153605.152:ERROR:process_memory_win.cc(73)] ReadMemory at 0x7ffe62300000 of 64 bytes failed: Only part of a ReadProcessMemory or WriteProcessMemory request was completed. (0x12B)
[0815/153605.152:WARNING:pe_image_reader.cc(340)] could not read dos header from C:\Windows\SYSTEM32\Secur32.dll
[0815/153605.152:ERROR:process_memory_win.cc(73)] ReadMemory at 0x7ffe68520000 of 64 bytes failed: Only part of a ReadProcessMemory or WriteProcessMemory request was completed. (0x12B)
[0815/153605.152:WARNING:pe_image_reader.cc(340)] could not read dos header from C:\Windows\SYSTEM32\USERENV.dll
[0815/153605.152:ERROR:process_memory_win.cc(73)] ReadMemory at 0x7ffe68640000 of 64 bytes failed: Only part of a ReadProcessMemory or WriteProcessMemory request was completed. (0x12B)
[0815/153605.152:WARNING:pe_image_reader.cc(340)] could not read dos header from C:\Windows\System32\profapi.dll
[0815/153605.152:ERROR:process_memory_win.cc(73)] ReadMemory at 0x7ffe32690000 of 64 bytes failed: Only part of a ReadProcessMemory or WriteProcessMemory request was completed. (0x12B)
[0815/153605.152:WARNING:pe_image_reader.cc(340)] could not read dos header from C:\Windows\SYSTEM32\UIAutomationCore.DLL
[0815/153605.152:ERROR:process_memory_win.cc(73)] ReadMemory at 0x7ffe40580000 of 64 bytes failed: Only part of a ReadProcessMemory or WriteProcessMemory request was completed. (0x12B)
[0815/153605.152:WARNING:pe_image_reader.cc(340)] could not read dos header from C:\Windows\SYSTEM32\DWrite.dll
[0815/153605.152:ERROR:process_memory_win.cc(73)] ReadMemory at 0x7ffe5c730000 of 64 bytes failed: Only part of a ReadProcessMemory or WriteProcessMemory request was completed. (0x12B)
[0815/153605.152:WARNING:pe_image_reader.cc(340)] could not read dos header from C:\Windows\SYSTEM32\WINSPOOL.DRV
[0815/153605.152:ERROR:process_memory_win.cc(73)] ReadMemory at 0x7ffe68670000 of 64 bytes failed: Only part of a ReadProcessMemory or WriteProcessMemory request was completed. (0x12B)
[0815/153605.152:WARNING:pe_image_reader.cc(340)] could not read dos header from C:\Windows\System32\kernel.appcore.dll
[0815/153605.152:ERROR:process_memory_win.cc(73)] ReadMemory at 0x7ffe68f50000 of 64 bytes failed: Only part of a ReadProcessMemory or WriteProcessMemory request was completed. (0x12B)
[0815/153605.152:WARNING:pe_image_reader.cc(340)] could not read dos header from C:\Windows\System32\bcrypt.dll
[0815/153605.152:ERROR:process_memory_win.cc(73)] ReadMemory at 0x7ffe62100000 of 64 bytes failed: Only part of a ReadProcessMemory or WriteProcessMemory request was completed. (0x12B)
[0815/153605.152:WARNING:pe_image_reader.cc(340)] could not read dos header from C:\Windows\SYSTEM32\dbghelp.dll
[0815/153605.152:ERROR:process_memory_win.cc(73)] ReadMemory at 0x7ffe61e00000 of 64 bytes failed: Only part of a ReadProcessMemory or WriteProcessMemory request was completed. (0x12B)
[0815/153605.152:WARNING:pe_image_reader.cc(340)] could not read dos header from C:\Windows\SYSTEM32\WINHTTP.dll
[0815/153605.152:ERROR:process_memory_win.cc(73)] ReadMemory at 0x7ffe63640000 of 64 bytes failed: Only part of a ReadProcessMemory or WriteProcessMemory request was completed. (0x12B)
[0815/153605.152:WARNING:pe_image_reader.cc(340)] could not read dos header from C:\Windows\SYSTEM32\dhcpcsvc.DLL
[0815/153605.152:ERROR:process_memory_win.cc(73)] ReadMemory at 0x7ffe6a800000 of 64 bytes failed: Only part of a ReadProcessMemory or WriteProcessMemory request was completed. (0x12B)
[0815/153605.152:WARNING:pe_image_reader.cc(340)] could not read dos header from C:\Windows\System32\NSI.dll
[0815/153605.152:ERROR:process_memory_win.cc(73)] ReadMemory at 0x7ffe60080000 of 64 bytes failed: Only part of a ReadProcessMemory or WriteProcessMemory request was completed. (0x12B)
[0815/153605.152:WARNING:pe_image_reader.cc(340)] could not read dos header from C:\Windows\SYSTEM32\WINMMBASE.dll
[0815/153605.152:ERROR:process_memory_win.cc(73)] ReadMemory at 0x7ffe69710000 of 64 bytes failed: Only part of a ReadProcessMemory or WriteProcessMemory request was completed. (0x12B)
[0815/153605.152:WARNING:pe_image_reader.cc(340)] could not read dos header from C:\Windows\System32\cfgmgr32.dll
[0815/153605.152:ERROR:process_memory_win.cc(73)] ReadMemory at 0x7ffe64cf0000 of 64 bytes failed: Only part of a ReadProcessMemory or WriteProcessMemory request was completed. (0x12B)
[0815/153605.152:WARNING:pe_image_reader.cc(340)] could not read dos header from C:\Windows\SYSTEM32\PROPSYS.dll
[0815/153605.152:ERROR:process_memory_win.cc(73)] ReadMemory at 0x7ffe6b2c0000 of 64 bytes failed: Only part of a ReadProcessMemory or WriteProcessMemory request was completed. (0x12B)
[0815/153605.152:WARNING:pe_image_reader.cc(340)] could not read dos header from C:\Windows\System32\shcore.dll
[0815/153605.152:ERROR:process_memory_win.cc(73)] ReadMemory at 0x7ffe68550000 of 64 bytes failed: Only part of a ReadProcessMemory or WriteProcessMemory request was completed. (0x12B)
[0815/153605.153:WARNING:pe_image_reader.cc(340)] could not read dos header from C:\Windows\SYSTEM32\SSPICLI.DLL
[0815/153605.153:ERROR:process_memory_win.cc(73)] ReadMemory at 0x7ffe68060000 of 64 bytes failed: Only part of a ReadProcessMemory or WriteProcessMemory request was completed. (0x12B)
[0815/153605.153:WARNING:pe_image_reader.cc(340)] could not read dos header from C:\Windows\SYSTEM32\CRYPTBASE.DLL
[0815/153605.157:ERROR:process_memory_win.cc(73)] ReadMemory at 0x434ffe8000 of 98304 bytes failed: Only part of a ReadProcessMemory or WriteProcessMemory request was completed. (0x12B)
[0815/153605.158:ERROR:process_memory_win.cc(73)] ReadMemory at 0x43507fd000 of 12288 bytes failed: Only part of a ReadProcessMemory or WriteProcessMemory request was completed. (0x12B)
[0815/153605.158:ERROR:process_memory_win.cc(73)] ReadMemory at 0x4350ffc000 of 16384 bytes failed: Only part of a ReadProcessMemory or WriteProcessMemory request was completed. (0x12B)
[0815/153605.158:ERROR:process_memory_win.cc(73)] ReadMemory at 0x43517fc000 of 16384 bytes failed: Only part of a ReadProcessMemory or WriteProcessMemory request was completed. (0x12B)
[0815/153605.158:ERROR:process_memory_win.cc(73)] ReadMemory at 0x4351ffc000 of 16384 bytes failed: Only part of a ReadProcessMemory or WriteProcessMemory request was completed. (0x12B)
[0815/153605.158:ERROR:process_memory_win.cc(73)] ReadMemory at 0x43527fe000 of 8192 bytes failed: Only part of a ReadProcessMemory or WriteProcessMemory request was completed. (0x12B)
[0815/153605.158:ERROR:process_memory_win.cc(73)] ReadMemory at 0x4352ffd000 of 12288 bytes failed: Only part of a ReadProcessMemory or WriteProcessMemory request was completed. (0x12B)
[0815/153605.158:ERROR:process_memory_win.cc(73)] ReadMemory at 0x43537fb000 of 20480 bytes failed: Only part of a ReadProcessMemory or WriteProcessMemory request was completed. (0x12B)
[0815/153605.158:ERROR:process_memory_win.cc(73)] ReadMemory at 0x4353ffd000 of 12288 bytes failed: Only part of a ReadProcessMemory or WriteProcessMemory request was completed. (0x12B)
[0815/153605.158:ERROR:process_memory_win.cc(73)] ReadMemory at 0x43547fd000 of 12288 bytes failed: Only part of a ReadProcessMemory or WriteProcessMemory request was completed. (0x12B)
[0815/153605.158:ERROR:process_memory_win.cc(73)] ReadMemory at 0x4354ffb000 of 20480 bytes failed: Only part of a ReadProcessMemory or WriteProcessMemory request was completed. (0x12B)
[0815/153605.158:ERROR:process_memory_win.cc(73)] ReadMemory at 0x43557f9000 of 28672 bytes failed: Only part of a ReadProcessMemory or WriteProcessMemory request was completed. (0x12B)
[0815/153605.158:ERROR:process_memory_win.cc(73)] ReadMemory at 0x4355ff9000 of 28672 bytes failed: Only part of a ReadProcessMemory or WriteProcessMemory request was completed. (0x12B)
[0815/153605.158:ERROR:process_memory_win.cc(73)] ReadMemory at 0x43567fd000 of 12288 bytes failed: Only part of a ReadProcessMemory or WriteProcessMemory request was completed. (0x12B)
[0815/153605.158:ERROR:process_memory_win.cc(73)] ReadMemory at 0x4356ffd000 of 12288 bytes failed: Only part of a ReadProcessMemory or WriteProcessMemory request was completed. (0x12B)
[0815/153605.158:ERROR:process_memory_win.cc(73)] ReadMemory at 0x43577fd000 of 12288 bytes failed: Only part of a ReadProcessMemory or WriteProcessMemory request was completed. (0x12B)
[0815/153605.158:ERROR:process_memory_win.cc(73)] ReadMemory at 0x434f60e000 of 852 bytes failed: Only part of a ReadProcessMemory or WriteProcessMemory request was completed. (0x12B)
[0815/153605.158:ERROR:process_memory_win.cc(73)] ReadMemory at 0x434f60f000 of 6024 bytes failed: Only part of a ReadProcessMemory or WriteProcessMemory request was completed. (0x12B)
[0815/153605.158:ERROR:process_memory_win.cc(73)] ReadMemory at 0x434f611000 of 6024 bytes failed: Only part of a ReadProcessMemory or WriteProcessMemory request was completed. (0x12B)
[0815/153605.158:ERROR:process_memory_win.cc(73)] ReadMemory at 0x434f613000 of 6024 bytes failed: Only part of a ReadProcessMemory or WriteProcessMemory request was completed. (0x12B)
[0815/153605.158:ERROR:process_memory_win.cc(73)] ReadMemory at 0x434f615000 of 6024 bytes failed: Only part of a ReadProcessMemory or WriteProcessMemory request was completed. (0x12B)
[0815/153605.159:ERROR:process_memory_win.cc(73)] ReadMemory at 0x434f617000 of 6024 bytes failed: Only part of a ReadProcessMemory or WriteProcessMemory request was completed. (0x12B)
[0815/153605.159:ERROR:process_memory_win.cc(73)] ReadMemory at 0x434f619000 of 6024 bytes failed: Only part of a ReadProcessMemory or WriteProcessMemory request was completed. (0x12B)
[0815/153605.159:ERROR:process_memory_win.cc(73)] ReadMemory at 0x434f61b000 of 6024 bytes failed: Only part of a ReadProcessMemory or WriteProcessMemory request was completed. (0x12B)
[0815/153605.159:ERROR:process_memory_win.cc(73)] ReadMemory at 0x434f61d000 of 6024 bytes failed: Only part of a ReadProcessMemory or WriteProcessMemory request was completed. (0x12B)
[0815/153605.159:ERROR:process_memory_win.cc(73)] ReadMemory at 0x434f61f000 of 6024 bytes failed: Only part of a ReadProcessMemory or WriteProcessMemory request was completed. (0x12B)
[0815/153605.159:ERROR:process_memory_win.cc(73)] ReadMemory at 0x434f621000 of 6024 bytes failed: Only part of a ReadProcessMemory or WriteProcessMemory request was completed. (0x12B)
[0815/153605.159:ERROR:process_memory_win.cc(73)] ReadMemory at 0x434f623000 of 6024 bytes failed: Only part of a ReadProcessMemory or WriteProcessMemory request was completed. (0x12B)
[0815/153605.159:ERROR:process_memory_win.cc(73)] ReadMemory at 0x434f625000 of 6024 bytes failed: Only part of a ReadProcessMemory or WriteProcessMemory request was completed. (0x12B)
[0815/153605.159:ERROR:process_memory_win.cc(73)] ReadMemory at 0x434f627000 of 6024 bytes failed: Only part of a ReadProcessMemory or WriteProcessMemory request was completed. (0x12B)
[0815/153605.159:ERROR:process_memory_win.cc(73)] ReadMemory at 0x434f629000 of 6024 bytes failed: Only part of a ReadProcessMemory or WriteProcessMemory request was completed. (0x12B)
[0815/153605.159:ERROR:process_memory_win.cc(73)] ReadMemory at 0x434f62b000 of 6024 bytes failed: Only part of a ReadProcessMemory or WriteProcessMemory request was completed. (0x12B)
[0815/153605.159:ERROR:process_memory_win.cc(73)] ReadMemory at 0x434f62d000 of 6024 bytes failed: Only part of a ReadProcessMemory or WriteProcessMemory request was completed. (0x12B)
[0815/153605.159:ERROR:process_memory_win.cc(73)] ReadMemory at 0x22ba8d40fe0 of 7114 bytes failed: Only part of a ReadProcessMemory or WriteProcessMemory request was completed. (0x12B)
[0815/153605.159:ERROR:process_memory_win.cc(73)] ReadMemory at 0x22ba8d42bc0 of 1012 bytes failed: Only part of a ReadProcessMemory or WriteProcessMemory request was completed. (0x12B)
[0815/153605.159:ERROR:process_memory_win.cc(73)] ReadMemory at 0x22ba8d43208 of 118 bytes failed: Only part of a ReadProcessMemory or WriteProcessMemory request was completed. (0x12B)
[0815/153605.159:ERROR:process_memory_win.cc(73)] ReadMemory at 0x22ba8d43280 of 1034 bytes failed: Only part of a ReadProcessMemory or WriteProcessMemory request was completed. (0x12B)
[0815/153605.159:ERROR:process_memory_win.cc(73)] ReadMemory at 0x22ba8d4368c of 118 bytes failed: Only part of a ReadProcessMemory or WriteProcessMemory request was completed. (0x12B)
[0815/153605.159:ERROR:process_memory_win.cc(73)] ReadMemory at 0x22ba8d43704 of 100 bytes failed: Only part of a ReadProcessMemory or WriteProcessMemory request was completed. (0x12B)
[0815/153605.159:ERROR:process_memory_win.cc(73)] ReadMemory at 0x22ba8d43780 of 58 bytes failed: Only part of a ReadProcessMemory or WriteProcessMemory request was completed. (0x12B)
[0815/153605.159:ERROR:process_memory_win.cc(73)] ReadMemory at 0x22ba8d43880 of 132 bytes failed: Only part of a ReadProcessMemory or WriteProcessMemory request was completed. (0x12B)
[0815/153605.160:ERROR:process_memory_win.cc(73)] ReadMemory at 0x22ba8d43a10 of 132 bytes failed: Only part of a ReadProcessMemory or WriteProcessMemory request was completed. (0x12B)
[0815/153605.160:ERROR:process_memory_win.cc(73)] ReadMemory at 0x22ba8d43bd0 of 126 bytes failed: Only part of a ReadProcessMemory or WriteProcessMemory request was completed. (0x12B)
[0815/153605.160:ERROR:process_memory_win.cc(73)] ReadMemory at 0x22ba8d43fb0 of 132 bytes failed: Only part of a ReadProcessMemory or WriteProcessMemory request was completed. (0x12B)
[0815/153605.160:ERROR:process_memory_win.cc(73)] ReadMemory at 0x22ba8d44140 of 64 bytes failed: Only part of a ReadProcessMemory or WriteProcessMemory request was completed. (0x12B)
[0815/153605.160:ERROR:process_memory_win.cc(73)] ReadMemory at 0x22ba8d44300 of 132 bytes failed: Only part of a ReadProcessMemory or WriteProcessMemory request was completed. (0x12B)
[0815/153605.160:ERROR:process_memory_win.cc(73)] ReadMemory at 0x22ba8d445a0 of 132 bytes failed: Only part of a ReadProcessMemory or WriteProcessMemory request was completed. (0x12B)
[0815/153605.160:ERROR:process_memory_win.cc(73)] ReadMemory at 0x22ba8d44730 of 68 bytes failed: Only part of a ReadProcessMemory or WriteProcessMemory request was completed. (0x12B)
[0815/153605.160:ERROR:process_memory_win.cc(73)] ReadMemory at 0x22ba8d45880 of 132 bytes failed: Only part of a ReadProcessMemory or WriteProcessMemory request was completed. (0x12B)
[0815/153605.160:ERROR:process_memory_win.cc(73)] ReadMemory at 0x22ba8d45a10 of 154 bytes failed: Only part of a ReadProcessMemory or WriteProcessMemory request was completed. (0x12B)
[0815/153605.160:ERROR:process_memory_win.cc(73)] ReadMemory at 0x22ba8d478d0 of 62 bytes failed: Only part of a ReadProcessMemory or WriteProcessMemory request was completed. (0x12B)
[0815/153605.160:ERROR:process_memory_win.cc(73)] ReadMemory at 0x22ba8d47ac0 of 132 bytes failed: Only part of a ReadProcessMemory or WriteProcessMemory request was completed. (0x12B)
[0815/153605.160:ERROR:process_memory_win.cc(73)] ReadMemory at 0x22ba8d47bf0 of 60 bytes failed: Only part of a ReadProcessMemory or WriteProcessMemory request was completed. (0x12B)
[0815/153605.160:ERROR:process_memory_win.cc(73)] ReadMemory at 0x22ba8d4f880 of 62 bytes failed: Only part of a ReadProcessMemory or WriteProcessMemory request was completed. (0x12B)
[0815/153605.160:ERROR:process_memory_win.cc(73)] ReadMemory at 0x22ba8d503e0 of 80 bytes failed: Only part of a ReadProcessMemory or WriteProcessMemory request was completed. (0x12B)
[0815/153605.160:ERROR:process_memory_win.cc(73)] ReadMemory at 0x22ba8d50b4c of 512 bytes failed: Only part of a ReadProcessMemory or WriteProcessMemory request was completed. (0x12B)
[0815/153605.160:ERROR:process_memory_win.cc(73)] ReadMemory at 0x22ba8d53e40 of 132 bytes failed: Only part of a ReadProcessMemory or WriteProcessMemory request was completed. (0x12B)
[0815/153605.160:ERROR:process_memory_win.cc(73)] ReadMemory at 0x22ba8d54920 of 132 bytes failed: Only part of a ReadProcessMemory or WriteProcessMemory request was completed. (0x12B)
[0815/153605.160:ERROR:process_memory_win.cc(73)] ReadMemory at 0x22ba8d54c80 of 146 bytes failed: Only part of a ReadProcessMemory or WriteProcessMemory request was completed. (0x12B)
[0815/153605.160:ERROR:process_memory_win.cc(73)] ReadMemory at 0x22ba8d54d30 of 132 bytes failed: Only part of a ReadProcessMemory or WriteProcessMemory request was completed. (0x12B)
[0815/153605.160:ERROR:process_memory_win.cc(73)] ReadMemory at 0x22ba8d55780 of 132 bytes failed: Only part of a ReadProcessMemory or WriteProcessMemory request was completed. (0x12B)
[0815/153605.160:ERROR:process_memory_win.cc(73)] ReadMemory at 0x22ba8d55dd0 of 132 bytes failed: Only part of a ReadProcessMemory or WriteProcessMemory request was completed. (0x12B)
[0815/153605.160:ERROR:process_memory_win.cc(73)] ReadMemory at 0x22ba8d57970 of 132 bytes failed: Only part of a ReadProcessMemory or WriteProcessMemory request was completed. (0x12B)
[0815/153605.160:ERROR:process_memory_win.cc(73)] ReadMemory at 0x22ba8d57aa0 of 132 bytes failed: Only part of a ReadProcessMemory or WriteProcessMemory request was completed. (0x12B)
[0815/153605.160:ERROR:process_memory_win.cc(73)] ReadMemory at 0x22ba8d57c90 of 132 bytes failed: Only part of a ReadProcessMemory or WriteProcessMemory request was completed. (0x12B)
[0815/153605.160:ERROR:process_memory_win.cc(73)] ReadMemory at 0x22ba8d57ff0 of 132 bytes failed: Only part of a ReadProcessMemory or WriteProcessMemory request was completed. (0x12B)
[0815/153605.161:ERROR:process_memory_win.cc(73)] ReadMemory at 0x22ba8d58120 of 132 bytes failed: Only part of a ReadProcessMemory or WriteProcessMemory request was completed. (0x12B)
[0815/153605.161:ERROR:process_memory_win.cc(73)] ReadMemory at 0x22ba8d58450 of 132 bytes failed: Only part of a ReadProcessMemory or WriteProcessMemory request was completed. (0x12B)
[0815/153605.161:ERROR:process_memory_win.cc(73)] ReadMemory at 0x22ba8d58580 of 132 bytes failed: Only part of a ReadProcessMemory or WriteProcessMemory request was completed. (0x12B)
[0815/153605.161:ERROR:process_memory_win.cc(73)] ReadMemory at 0x22ba8d586b0 of 132 bytes failed: Only part of a ReadProcessMemory or WriteProcessMemory request was completed. (0x12B)
[0815/153605.161:ERROR:process_memory_win.cc(73)] ReadMemory at 0x22ba8d587e0 of 132 bytes failed: Only part of a ReadProcessMemory or WriteProcessMemory request was completed. (0x12B)
[0815/153605.161:ERROR:process_memory_win.cc(73)] ReadMemory at 0x22ba8d58910 of 132 bytes failed: Only part of a ReadProcessMemory or WriteProcessMemory request was completed. (0x12B)
[0815/153605.161:ERROR:process_memory_win.cc(73)] ReadMemory at 0x22ba8d58a40 of 132 bytes failed: Only part of a ReadProcessMemory or WriteProcessMemory request was completed. (0x12B)
[0815/153605.161:ERROR:process_memory_win.cc(73)] ReadMemory at 0x22ba8d58ca0 of 132 bytes failed: Only part of a ReadProcessMemory or WriteProcessMemory request was completed. (0x12B)
[0815/153605.161:ERROR:process_memory_win.cc(73)] ReadMemory at 0x22ba8d58dd0 of 132 bytes failed: Only part of a ReadProcessMemory or WriteProcessMemory request was completed. (0x12B)
[0815/153605.161:ERROR:process_memory_win.cc(73)] ReadMemory at 0x22ba8d58f00 of 132 bytes failed: Only part of a ReadProcessMemory or WriteProcessMemory request was completed. (0x12B)
[0815/153605.161:ERROR:process_memory_win.cc(73)] ReadMemory at 0x22ba8d59030 of 132 bytes failed: Only part of a ReadProcessMemory or WriteProcessMemory request was completed. (0x12B)
[0815/153605.161:ERROR:process_memory_win.cc(73)] ReadMemory at 0x22ba8d59160 of 132 bytes failed: Only part of a ReadProcessMemory or WriteProcessMemory request was completed. (0x12B)
[0815/153605.161:ERROR:process_memory_win.cc(73)] ReadMemory at 0x22ba8d59290 of 132 bytes failed: Only part of a ReadProcessMemory or WriteProcessMemory request was completed. (0x12B)
[0815/153605.161:ERROR:process_memory_win.cc(73)] ReadMemory at 0x22ba8d5ae80 of 60 bytes failed: Only part of a ReadProcessMemory or WriteProcessMemory request was completed. (0x12B)
[0815/153605.161:ERROR:process_memory_win.cc(73)] ReadMemory at 0x22ba8d5aed0 of 60 bytes failed: Only part of a ReadProcessMemory or WriteProcessMemory request was completed. (0x12B)
[0815/153605.161:ERROR:process_memory_win.cc(73)] ReadMemory at 0x22ba8d5af20 of 62 bytes failed: Only part of a ReadProcessMemory or WriteProcessMemory request was completed. (0x12B)
[0815/153605.161:ERROR:process_memory_win.cc(73)] ReadMemory at 0x22ba8d5af70 of 66 bytes failed: Only part of a ReadProcessMemory or WriteProcessMemory request was completed. (0x12B)
[0815/153605.161:ERROR:process_memory_win.cc(73)] ReadMemory at 0x22ba8d5b060 of 64 bytes failed: Only part of a ReadProcessMemory or WriteProcessMemory request was completed. (0x12B)
[0815/153605.161:ERROR:process_memory_win.cc(73)] ReadMemory at 0x22ba8d5b150 of 62 bytes failed: Only part of a ReadProcessMemory or WriteProcessMemory request was completed. (0x12B)
[0815/153605.161:ERROR:process_memory_win.cc(73)] ReadMemory at 0x22ba8d5b1f0 of 64 bytes failed: Only part of a ReadProcessMemory or WriteProcessMemory request was completed. (0x12B)
[0815/153605.161:ERROR:process_memory_win.cc(73)] ReadMemory at 0x22ba8d5b240 of 64 bytes failed: Only part of a ReadProcessMemory or WriteProcessMemory request was completed. (0x12B)
[0815/153605.161:ERROR:process_memory_win.cc(73)] ReadMemory at 0x22ba8d5b2e0 of 62 bytes failed: Only part of a ReadProcessMemory or WriteProcessMemory request was completed. (0x12B)
[0815/153605.161:ERROR:process_memory_win.cc(73)] ReadMemory at 0x22ba8d5b330 of 60 bytes failed: Only part of a ReadProcessMemory or WriteProcessMemory request was completed. (0x12B)
[0815/153605.161:ERROR:process_memory_win.cc(73)] ReadMemory at 0x22ba8d5b3d0 of 62 bytes failed: Only part of a ReadProcessMemory or WriteProcessMemory request was completed. (0x12B)
[0815/153605.161:ERROR:process_memory_win.cc(73)] ReadMemory at 0x22ba8d5b420 of 60 bytes failed: Only part of a ReadProcessMemory or WriteProcessMemory request was completed. (0x12B)
[0815/153605.161:ERROR:process_memory_win.cc(73)] ReadMemory at 0x22ba8d5b510 of 64 bytes failed: Only part of a ReadProcessMemory or WriteProcessMemory request was completed. (0x12B)
[0815/153605.162:ERROR:process_memory_win.cc(73)] ReadMemory at 0x22ba8d5b560 of 64 bytes failed: Only part of a ReadProcessMemory or WriteProcessMemory request was completed. (0x12B)
[0815/153605.162:ERROR:process_memory_win.cc(73)] ReadMemory at 0x22ba8d5b5b0 of 62 bytes failed: Only part of a ReadProcessMemory or WriteProcessMemory request was completed. (0x12B)
[0815/153605.162:ERROR:process_memory_win.cc(73)] ReadMemory at 0x22ba8d5b6f0 of 60 bytes failed: Only part of a ReadProcessMemory or WriteProcessMemory request was completed. (0x12B)
[0815/153605.162:ERROR:process_memory_win.cc(73)] ReadMemory at 0x22ba8d5b740 of 64 bytes failed: Only part of a ReadProcessMemory or WriteProcessMemory request was completed. (0x12B)
[0815/153605.162:ERROR:process_memory_win.cc(73)] ReadMemory at 0x22ba8d5b880 of 62 bytes failed: Only part of a ReadProcessMemory or WriteProcessMemory request was completed. (0x12B)
[0815/153605.162:ERROR:process_memory_win.cc(73)] ReadMemory at 0x22ba8d5b8d0 of 62 bytes failed: Only part of a ReadProcessMemory or WriteProcessMemory request was completed. (0x12B)
[0815/153605.162:ERROR:process_memory_win.cc(73)] ReadMemory at 0x22ba8d5ba60 of 64 bytes failed: Only part of a ReadProcessMemory or WriteProcessMemory request was completed. (0x12B)
[0815/153605.162:ERROR:process_memory_win.cc(73)] ReadMemory at 0x22ba8d5bba0 of 62 bytes failed: Only part of a ReadProcessMemory or WriteProcessMemory request was completed. (0x12B)
[0815/153605.162:ERROR:process_memory_win.cc(73)] ReadMemory at 0x22ba8d5bbf0 of 66 bytes failed: Only part of a ReadProcessMemory or WriteProcessMemory request was completed. (0x12B)
[0815/153605.162:ERROR:process_memory_win.cc(73)] ReadMemory at 0x22ba8d5bc40 of 58 bytes failed: Only part of a ReadProcessMemory or WriteProcessMemory request was completed. (0x12B)
[0815/153605.162:ERROR:process_memory_win.cc(73)] ReadMemory at 0x22ba8d5bd30 of 62 bytes failed: Only part of a ReadProcessMemory or WriteProcessMemory request was completed. (0x12B)
[0815/153605.162:ERROR:process_memory_win.cc(73)] ReadMemory at 0x22ba8d5bd80 of 60 bytes failed: Only part of a ReadProcessMemory or WriteProcessMemory request was completed. (0x12B)
[0815/153605.162:ERROR:process_memory_win.cc(73)] ReadMemory at 0x22ba8d5bdd0 of 64 bytes failed: Only part of a ReadProcessMemory or WriteProcessMemory request was completed. (0x12B)
[0815/153605.162:ERROR:process_memory_win.cc(73)] ReadMemory at 0x22ba8d5f950 of 54 bytes failed: Only part of a ReadProcessMemory or WriteProcessMemory request was completed. (0x12B)
[0815/153605.162:ERROR:process_memory_win.cc(73)] ReadMemory at 0x22ba8d63100 of 132 bytes failed: Only part of a ReadProcessMemory or WriteProcessMemory request was completed. (0x12B)
[0815/153605.162:ERROR:process_memory_win.cc(73)] ReadMemory at 0x22ba8d63230 of 132 bytes failed: Only part of a ReadProcessMemory or WriteProcessMemory request was completed. (0x12B)
[0815/153605.162:ERROR:process_memory_win.cc(73)] ReadMemory at 0x22ba8d63490 of 132 bytes failed: Only part of a ReadProcessMemory or WriteProcessMemory request was completed. (0x12B)
[0815/153605.162:ERROR:process_memory_win.cc(73)] ReadMemory at 0x22ba8d63950 of 132 bytes failed: Only part of a ReadProcessMemory or WriteProcessMemory request was completed. (0x12B)
[0815/153605.162:ERROR:process_memory_win.cc(73)] ReadMemory at 0x22ba8d63e10 of 132 bytes failed: Only part of a ReadProcessMemory or WriteProcessMemory request was completed. (0x12B)
[0815/153605.162:ERROR:process_memory_win.cc(73)] ReadMemory at 0x22ba8d63f40 of 132 bytes failed: Only part of a ReadProcessMemory or WriteProcessMemory request was completed. (0x12B)
[0815/153605.162:ERROR:process_memory_win.cc(73)] ReadMemory at 0x22ba8d64070 of 132 bytes failed: Only part of a ReadProcessMemory or WriteProcessMemory request was completed. (0x12B)
[0815/153605.162:ERROR:process_memory_win.cc(73)] ReadMemory at 0x22ba8d641a0 of 132 bytes failed: Only part of a ReadProcessMemory or WriteProcessMemory request was completed. (0x12B)
[0815/153605.162:ERROR:process_memory_win.cc(73)] ReadMemory at 0x22ba8d64660 of 132 bytes failed: Only part of a ReadProcessMemory or WriteProcessMemory request was completed. (0x12B)
[0815/153605.162:ERROR:process_memory_win.cc(73)] ReadMemory at 0x22ba8d64b20 of 132 bytes failed: Only part of a ReadProcessMemory or WriteProcessMemory request was completed. (0x12B)
[0815/153605.162:ERROR:process_memory_win.cc(73)] ReadMemory at 0x22ba8d66490 of 76 bytes failed: Only part of a ReadProcessMemory or WriteProcessMemory request was completed. (0x12B)
[0815/153605.162:ERROR:process_memory_win.cc(73)] ReadMemory at 0x22ba8d665b0 of 80 bytes failed: Only part of a ReadProcessMemory or WriteProcessMemory request was completed. (0x12B)
[0815/153605.163:ERROR:process_memory_win.cc(73)] ReadMemory at 0x22ba8dc67b0 of 512 bytes failed: Only part of a ReadProcessMemory or WriteProcessMemory request was completed. (0x12B)
[0815/153605.163:ERROR:process_memory_win.cc(73)] ReadMemory at 0x22ba8dc97a8 of 512 bytes failed: Only part of a ReadProcessMemory or WriteProcessMemory request was completed. (0x12B)
[0815/153605.163:ERROR:process_memory_win.cc(73)] ReadMemory at 0x22ba8ddd2b0 of 512 bytes failed: Only part of a ReadProcessMemory or WriteProcessMemory request was completed. (0x12B)
[0815/153605.163:ERROR:process_memory_win.cc(73)] ReadMemory at 0x22ba8ddf770 of 512 bytes failed: Only part of a ReadProcessMemory or WriteProcessMemory request was completed. (0x12B)
[0815/153605.163:ERROR:process_memory_win.cc(73)] ReadMemory at 0x22ba8de29a0 of 712 bytes failed: Only part of a ReadProcessMemory or WriteProcessMemory request was completed. (0x12B)
[0815/153605.163:ERROR:process_memory_win.cc(73)] ReadMemory at 0x22ba8e03ca0 of 512 bytes failed: Only part of a ReadProcessMemory or WriteProcessMemory request was completed. (0x12B)
[0815/153605.163:ERROR:process_memory_win.cc(73)] ReadMemory at 0x22ba8f52380 of 512 bytes failed: Only part of a ReadProcessMemory or WriteProcessMemory request was completed. (0x12B)
[0815/153605.163:ERROR:process_memory_win.cc(73)] ReadMemory at 0x22ba8f52ec0 of 512 bytes failed: Only part of a ReadProcessMemory or WriteProcessMemory request was completed. (0x12B)
[0815/153605.163:ERROR:process_memory_win.cc(73)] ReadMemory at 0x22baa71f880 of 512 bytes failed: Only part of a ReadProcessMemory or WriteProcessMemory request was completed. (0x12B)
[0815/153605.163:ERROR:process_memory_win.cc(73)] ReadMemory at 0x22baa720d40 of 512 bytes failed: Only part of a ReadProcessMemory or WriteProcessMemory request was completed. (0x12B)
[0815/153605.163:ERROR:process_memory_win.cc(73)] ReadMemory at 0x22baa757a70 of 512 bytes failed: Only part of a ReadProcessMemory or WriteProcessMemory request was completed. (0x12B)
[0815/153605.163:ERROR:process_memory_win.cc(73)] ReadMemory at 0x22baada0320 of 512 bytes failed: Only part of a ReadProcessMemory or WriteProcessMemory request was completed. (0x12B)
[0815/153605.163:ERROR:process_memory_win.cc(73)] ReadMemory at 0x2837081177bd of 512 bytes failed: Only part of a ReadProcessMemory or WriteProcessMemory request was completed. (0x12B)
[0815/153605.163:ERROR:process_memory_win.cc(73)] ReadMemory at 0x7ffe00d54b20 of 512 bytes failed: Only part of a ReadProcessMemory or WriteProcessMemory request was completed. (0x12B)
[0815/153605.163:ERROR:process_memory_win.cc(73)] ReadMemory at 0x7ffe034d979c of 512 bytes failed: Only part of a ReadProcessMemory or WriteProcessMemory request was completed. (0x12B)
[0815/153605.163:ERROR:process_memory_win.cc(73)] ReadMemory at 0x7ffe07837f16 of 512 bytes failed: Only part of a ReadProcessMemory or WriteProcessMemory request was completed. (0x12B)
[0815/153605.163:ERROR:process_memory_win.cc(73)] ReadMemory at 0x7ffe07b805d0 of 512 bytes failed: Only part of a ReadProcessMemory or WriteProcessMemory request was completed. (0x12B)
[0815/153605.163:ERROR:process_memory_win.cc(73)] ReadMemory at 0x7ffe07c23ea0 of 512 bytes failed: Only part of a ReadProcessMemory or WriteProcessMemory request was completed. (0x12B)
[0815/153605.163:ERROR:process_memory_win.cc(73)] ReadMemory at 0x7ffe0879da80 of 512 bytes failed: Only part of a ReadProcessMemory or WriteProcessMemory request was completed. (0x12B)
[0815/153605.163:ERROR:process_memory_win.cc(73)] ReadMemory at 0x7ffe6898a699 of 512 bytes failed: Only part of a ReadProcessMemory or WriteProcessMemory request was completed. (0x12B)
[0815/153605.163:ERROR:process_memory_win.cc(73)] ReadMemory at 0x7ffe68bbc6d0 of 512 bytes failed: Only part of a ReadProcessMemory or WriteProcessMemory request was completed. (0x12B)
[0815/153605.163:ERROR:process_memory_win.cc(73)] ReadMemory at 0x7ffe6b81c074 of 672 bytes failed: Only part of a ReadProcessMemory or WriteProcessMemory request was completed. (0x12B)
[0815/153605.163:ERROR:process_memory_win.cc(73)] ReadMemory at 0x7ffe6b81c674 of 512 bytes failed: Only part of a ReadProcessMemory or WriteProcessMemory request was completed. (0x12B)
[0815/153605.164:ERROR:process_memory_win.cc(73)] ReadMemory at 0x7ffe6b81f924 of 608 bytes failed: Only part of a ReadProcessMemory or WriteProcessMemory request was completed. (0x12B)
[0815/153605.164:ERROR:process_memory_win.cc(73)] ReadMemory at 0x7ffe6b8ac428 of 18 bytes failed: Only part of a ReadProcessMemory or WriteProcessMemory request was completed. (0x12B)
[0815/153605.164:ERROR:process_memory_win.cc(73)] ReadMemory at 0x7ffe6b8df4f8 of 40 bytes failed: Only part of a ReadProcessMemory or WriteProcessMemory request was completed. (0x12B)
[0815/153605.164:ERROR:process_memory_win.cc(73)] ReadMemory at 0x7ffe6b8df978 of 48 bytes failed: Only part of a ReadProcessMemory or WriteProcessMemory request was completed. (0x12B)
[0815/153605.164:ERROR:process_memory_win.cc(73)] ReadMemory at 0x7ffe6b8e53c0 of 64 bytes failed: Only part of a ReadProcessMemory or WriteProcessMemory request was completed. (0x12B)
[0815/153605.164:ERROR:scoped_process_suspend.cc(40)] NtResumeProcess: An attempt was made to access an exiting process. (0xc000010a)
